\BOOKMARK [0][]{ctitlepage.0}{\376\377\134\100\220\350\131\032\133\124\215\050\154\024\117\123\227\131\123\213\217\164\142\177\121\163\225\056\142\200\147\057\166\204\170\024\172\166}{}% 1
\BOOKMARK [0][]{etitlepage.0}{\376\377\000R\000E\000S\000E\000A\000R\000C\000H\000\040\000O\000N\000\040\000K\000E\000Y\000\040\000T\000E\000C\000H\000N\000O\000L\000O\000G\000I\000E\000S\000\040\000O\000F\000\040\000P\000A\000R\000T\000I\000A\000L\000\040\000P\000O\000R\000O\000U\000S\000\040\000E\000X\000T\000E\000R\000N\000A\000L\000L\000Y\000\040\000P\000R\000E\000S\000S\000U\000R\000I\000Z\000E\000D\000\040\000G\000A\000S\000\040\000B\000E\000A\000R\000I\000N\000G}{}% 2
\BOOKMARK [0][]{section*.2}{\376\377\144\130\000\040\211\201}{}% 3
\BOOKMARK [0][]{section*.6}{\376\377\000A\000B\000S\000T\000R\000A\000C\000T}{}% 4
\BOOKMARK [0][]{mulu.0}{\376\377\166\356\000\040\137\125}{}% 5
\BOOKMARK [0][]{section*.10}{\376\377\173\054\0001\172\340\000\040\000\040\176\352\213\272}{}% 6
\BOOKMARK [1][]{section*.12}{\376\377\0001\000.\0001\000\040\000X\000e\000L\000a\000T\000e\000X\177\026\213\321\145\271\154\325\166\204\221\115\177\156}{section*.10}% 7
\BOOKMARK [1][]{section*.14}{\376\377\0001\000.\0002\000\040\152\041\147\177\166\204\117\177\165\050\145\271\154\325\116\313\176\315}{section*.10}% 8
\BOOKMARK [1][]{section*.16}{\376\377\0001\000.\0003\000\040\124\310\134\024\156\350\135\345\116\032\131\047\133\146\000\040\000L\000a\000T\000e\000X\000\040\142\200\147\057\116\244\155\101\000\040\000Q\000Q\000\040\177\244\116\313\176\315}{section*.10}% 9
\BOOKMARK [0][]{section*.18}{\376\377\173\054\0002\172\340\000\040\000\040\145\207\147\054\172\313\127\072\122\006\147\220\166\370\121\163\142\200\147\057\151\202\217\360}{}% 10
\BOOKMARK [1][]{section*.20}{\376\377\0002\000.\0001\000\040\137\025\212\000}{section*.18}% 11
\BOOKMARK [2][]{section*.22}{\376\377\0002\000.\0001\000.\0001\000\040\126\376\230\230\123\312\126\376\116\055\213\364\146\016}{section*.20}% 12
\BOOKMARK [2][]{section*.24}{\376\377\0002\000.\0001\000.\0002\000\040\143\322\126\376\177\026\143\222}{section*.20}% 13
\BOOKMARK [1][]{section*.26}{\376\377\0002\000.\0002\000\040\000L\000a\000T\000e\000X\000\040\116\055\143\250\203\120\117\177\165\050\166\204\126\376\162\107\150\074\137\017}{section*.18}% 14
\BOOKMARK [1][]{section*.28}{\376\377\0002\000.\0003\000\040\123\125\137\040\126\376\162\107\166\204\143\322\121\145\145\271\154\325}{section*.18}% 15
\BOOKMARK [1][]{section*.33}{\376\377\0002\000.\0004\000\040\121\167\147\011\133\120\126\376\166\204\126\376\162\107\143\322\121\145\145\271\154\325}{section*.18}% 16
\BOOKMARK [0][]{section*.40}{\376\377\173\054\0003\172\340\000\040\000\040\145\207\147\054\172\313\127\072\122\006\147\220\166\370\121\163\142\200\147\057\151\202\217\360}{}% 17
\BOOKMARK [1][]{section*.42}{\376\377\0003\000.\0001\000\040\137\025\212\000}{section*.40}% 18
\BOOKMARK [2][]{section*.44}{\376\377\0003\000.\0001\000.\0001\000\040\126\376\230\230\123\312\126\376\116\055\213\364\146\016}{section*.42}% 19
\BOOKMARK [2][]{section*.46}{\376\377\0003\000.\0001\000.\0002\000\040\143\322\126\376\177\026\143\222}{section*.42}% 20
\BOOKMARK [1][]{section*.48}{\376\377\0003\000.\0002\000\040\000L\000a\000T\000e\000X\000\040\116\055\143\250\203\120\117\177\165\050\166\204\126\376\162\107\150\074\137\017}{section*.40}% 21
\BOOKMARK [1][]{section*.50}{\376\377\0003\000.\0003\000\040\123\125\137\040\126\376\162\107\166\204\143\322\121\145\145\271\154\325}{section*.40}% 22
\BOOKMARK [1][]{section*.55}{\376\377\0003\000.\0004\000\040\121\167\147\011\133\120\126\376\166\204\126\376\162\107\143\322\121\145\145\271\154\325}{section*.40}% 23
\BOOKMARK [0][]{section*.62}{\376\377\173\054\0004\172\340\000\040\000\040\210\150\150\074\166\204\176\330\122\066\145\271\154\325}{}% 24
\BOOKMARK [1][]{section*.64}{\376\377\0004\000.\0001\000\040\170\024\172\166\165\037\226\142\166\204\176\330\210\150\211\304\203\003}{section*.62}% 25
\BOOKMARK [1][]{section*.66}{\376\377\0004\000.\0002\000\040\146\156\220\032\210\150\150\074\166\204\176\330\122\066\145\271\154\325}{section*.62}% 26
\BOOKMARK [1][]{section*.69}{\376\377\0004\000.\0003\000\040\225\177\210\150\150\074\166\204\176\330\122\066\145\271\154\325}{section*.62}% 27
\BOOKMARK [1][]{section*.73}{\376\377\0004\000.\0004\000\040\122\027\133\275\123\357\214\003\210\150\150\074\166\204\176\330\122\066\145\271\154\325}{section*.62}% 28
\BOOKMARK [2][]{section*.75}{\376\377\0004\000.\0004\000.\0001\000\040\210\150\150\074\121\205\147\320\123\125\121\103\150\074\121\205\133\271\217\307\225\177\166\204\140\305\121\265}{section*.73}% 29
\BOOKMARK [2][]{section*.78}{\376\377\0004\000.\0004\000.\0002\000\040\133\371\162\151\164\006\221\317\173\046\123\367\217\333\210\114\154\350\221\312\166\204\140\305\121\265}{section*.73}% 30
\BOOKMARK [0][]{section*.80}{\376\377\173\054\0005\172\340\000\040\000\040\145\160\133\146\121\154\137\017\166\204\217\223\121\145\145\271\154\325}{}% 31
\BOOKMARK [1][]{section*.82}{\376\377\0005\000.\0001\000\040\170\024\172\166\165\037\226\142\166\204\121\154\137\017\211\304\203\003}{section*.80}% 32
\BOOKMARK [1][]{section*.84}{\376\377\0005\000.\0002\000\040\165\037\142\020\000\040\000L\000a\000T\000e\000X\000\040\145\160\133\146\121\154\137\017\166\204\116\044\171\315\145\271\154\325}{section*.80}% 33
\BOOKMARK [2][]{section*.86}{\376\377\0005\000.\0002\000.\0001\000\040\127\372\116\216\000\040\000M\000a\000t\000h\000T\000y\000p\000e\000\040\217\157\116\366\166\204\145\160\133\146\121\154\137\017\165\037\142\020\145\271\154\325}{section*.84}% 34
\BOOKMARK [2][]{section*.88}{\376\377\0005\000.\0002\000.\0002\000\040\127\372\116\216\000\040\000M\000A\000T\000L\000A\000B\000\040\217\157\116\366\166\204\145\160\133\146\121\154\137\017\165\037\142\020\145\271\154\325}{section*.84}% 35
\BOOKMARK [1][]{section*.90}{\376\377\0005\000.\0003\000\040\145\160\133\146\133\127\117\123}{section*.80}% 36
\BOOKMARK [1][]{section*.93}{\376\377\0005\000.\0004\000\040\210\114\121\205\121\154\137\017}{section*.80}% 37
\BOOKMARK [1][]{section*.102}{\376\377\0005\000.\0005\000\040\210\114\225\364\121\154\137\017}{section*.80}% 38
\BOOKMARK [1][]{section*.105}{\376\377\0005\000.\0006\000\040\123\357\201\352\122\250\214\003\145\164\131\047\134\017\166\204\133\232\165\114\173\046}{section*.80}% 39
\BOOKMARK [1][]{section*.107}{\376\377\0005\000.\0007\000\040\145\160\133\146\221\315\227\363\173\046\123\367}{section*.80}% 40
\BOOKMARK [0][]{section*.109}{\376\377\173\054\0006\172\340\000\040\000\040\152\041\147\177\166\204\121\166\133\203\213\364\146\016}{}% 41
\BOOKMARK [1][]{section*.111}{\376\377\0006\000.\0001\000\040\116\055\202\361\145\207\134\001\227\142\166\204\166\370\121\163\117\341\140\157}{section*.109}% 42
\BOOKMARK [1][]{section*.113}{\376\377\0006\000.\0002\000\040\000B\000i\000b\000T\000e\000X\000\040\145\207\163\056\145\207\116\366\166\204\121\231\154\325}{section*.109}% 43
\BOOKMARK [1][]{section*.116}{\376\377\0006\000.\0003\000\040\123\302\200\003\145\207\163\056\166\204\137\025\165\050}{section*.109}% 44
\BOOKMARK [1][]{section*.118}{\376\377\0006\000.\0004\000\040\123\125\134\102\177\127\122\027\163\257\130\203}{section*.109}% 45
\BOOKMARK [1][]{section*.121}{\376\377\0006\000.\0005\000\040\173\227\154\325}{section*.109}% 46
\BOOKMARK [1][]{section*.127}{\376\377\0006\000.\0006\000\040\133\232\164\006\133\232\116\111}{section*.109}% 47
\BOOKMARK [0][]{section*.130}{\376\377\176\323\000\040\213\272}{}% 48
\BOOKMARK [0][]{section*.133}{\376\377\123\302\200\003\145\207\163\056}{}% 49
\BOOKMARK [0][]{section*.137}{\376\377\226\104\137\125\000\040\000A\000\040\000A\000\040\000\040\136\046\172\340\202\202\166\204\226\104\137\125}{}% 50
\BOOKMARK [1][]{section*.139}{\376\377\000A\000.\0001\000\040\226\104\137\125\202\202\166\204\121\205\133\271}{section*.137}% 51
\BOOKMARK [0][]{section*.143}{\376\377\226\104\137\125\000\040\000B\000\040\000B\000\040\000\040\217\331\116\052\146\037\164\003\116\012\147\000\131\175\166\204\121\115\215\071\000W\000i\000n\000d\000o\000w\000s\217\157\116\366\122\027\210\150}{}% 52
\BOOKMARK [0][]{section*.146}{\376\377\145\073\213\373\170\125\130\353\133\146\117\115\147\037\225\364\123\321\210\150\166\204\213\272\145\207\123\312\121\166\116\326\142\020\147\234}{}% 53
\BOOKMARK [0][]{section*.150}{\376\377\124\310\134\024\156\350\135\345\116\032\131\047\133\146\133\146\117\115\213\272\145\207\123\237\122\033\140\047\130\360\146\016\124\214\117\177\165\050\147\103\226\120}{}% 54
\BOOKMARK [0][]{section*.154}{\376\377\201\364\000\040\214\042}{}% 55
